[Info  - 02:47:27.984] Reading sessions from keychain...
[Info  - 02:47:27.998] Getting sessions for user:email...
[Info  - 02:47:28.0] Getting sessions for all scopes...
[Info  - 02:47:28.0] Got 0 sessions for user:email...
[Info  - 02:47:28.0] Got 0 sessions for ...
[Info  - 02:48:26.480] Getting sessions for all scopes...
[Info  - 02:48:26.480] Got 0 sessions for ...
[Info  - 02:48:31.873] Getting sessions for user:email...
[Info  - 02:48:31.874] Got 0 sessions for user:email...
[Info  - 02:48:34.126] Logging in for the following scopes: user:email
[Info  - 02:48:34.132] Trying without local server... (user:email)
[Trace  - 02:48:44.958] Handling Uri...
[Info  - 02:48:44.959] Exchanging code for token...
[Info  - 02:48:46.353] Token exchange success!
[Info  - 02:48:46.355] Getting user info...
[Info  - 02:48:46.769] Got account info!
[Info  - 02:48:46.769] Storing 1 sessions...
[Error  - 02:48:46.791] Setting token failed: Error: GDBus.Error:org.freedesktop.DBus.Error.ServiceUnknown: The name org.freedesktop.secrets was not provided by any .service files
[Info  - 02:48:46.791] Stored 1 sessions!
[Info  - 02:48:46.791] Login success!
[Info  - 02:48:46.797] Getting sessions for user:email...
[Info  - 02:48:46.797] Getting sessions for user:email...
[Info  - 02:48:46.797] Got 1 sessions for user:email...
[Info  - 02:48:46.797] Got 1 sessions for user:email...
[Info  - 02:49:01.161] Getting sessions for all scopes...
[Info  - 02:49:01.162] Got 1 sessions for ...
